okt 11, 2022 9:30:06 PM rs.ac.bg.fon.ps.logger.MyLogger setupLogger
INFO: Logger Initialized
okt 11, 2022 9:30:06 PM rs.ac.bg.fon.ps.view.controller.MainController startServer
INFO: ServerThread STARTED!
okt 11, 2022 9:30:10 PM rs.ac.bg.fon.ps.thread.HandleClientThread introduction
INFO: Client introduction received: Hello Server! You can contact me on port:55012
okt 11, 2022 9:30:10 PM rs.ac.bg.fon.ps.thread.HandleClientThread introduction
INFO: Server response sent:Hello Client! You're session is active on port:55011
okt 11, 2022 9:30:10 PM rs.ac.bg.fon.ps.thread.HandleClientThread handleClientRequest
INFO: Client Request received:LOGIN
okt 11, 2022 9:30:12 PM rs.ac.bg.fon.ps.thread.HandleClientThread handleClientRequest
INFO: Server Response sent:Login Successful!
okt 11, 2022 9:30:16 PM rs.ac.bg.fon.ps.thread.HandleClientThread handleClientRequest
INFO: Client Request received:GET_STATION_LIST
okt 11, 2022 9:30:16 PM rs.ac.bg.fon.ps.thread.HandleClientThread handleClientRequest
INFO: Server Response sent:Stations are loaded.
okt 11, 2022 9:30:41 PM rs.ac.bg.fon.ps.thread.HandleClientThread handleClient
INFO: HandleClientThread Thread-5 ended by User: OK
okt 11, 2022 9:30:41 PM rs.ac.bg.fon.ps.thread.HandleClientThread notifyClient
INFO: Server Response sent:SERVER_STOPPED
okt 11, 2022 9:30:41 PM rs.ac.bg.fon.ps.thread.HandleClientThread notifyClient
WARNING: Couldn't notify client of this program's termination
Error sending Object!
Connection reset by peer: socket write error
okt 11, 2022 9:30:41 PM rs.ac.bg.fon.ps.thread.HandleClientThread run
INFO: HandleClientThread STOPPED!
okt 11, 2022 9:30:41 PM rs.ac.bg.fon.ps.thread.ServerThread startServer
INFO: ServerThread ended by User: OK
okt 11, 2022 9:30:41 PM rs.ac.bg.fon.ps.thread.ServerThread run
INFO: ServerThread STOPPED!
