okt 19, 2022 5:04:17 PM rs.ac.bg.fon.ps.logger.MyLogger setupLogger
INFO: Logger Initialized
okt 19, 2022 5:04:17 PM rs.ac.bg.fon.ps.view.controller.MainController startServer
INFO: ServerThread STARTED!
okt 19, 2022 5:04:29 PM rs.ac.bg.fon.ps.thread.HandleClientThread introduction
INFO: Client introduction received: Hello Server! You can contact me on port:53581
okt 19, 2022 5:04:29 PM rs.ac.bg.fon.ps.thread.HandleClientThread introduction
INFO: Server response sent:Hello Client! You're session is active on port:53580
okt 19, 2022 5:04:29 PM rs.ac.bg.fon.ps.thread.HandleClientThread handleClientRequest
INFO: Client Request received:LOGIN
okt 19, 2022 5:04:31 PM rs.ac.bg.fon.ps.thread.HandleClientThread handleClientRequest
INFO: Server Response sent:Login Successful!
okt 19, 2022 5:04:42 PM rs.ac.bg.fon.ps.thread.HandleClientThread handleClientRequest
INFO: Client Request received:GET_LINE_LIST
okt 19, 2022 5:04:42 PM rs.ac.bg.fon.ps.thread.HandleClientThread handleClientRequest
INFO: Server Response sent:Lines are loaded.
okt 19, 2022 5:04:47 PM rs.ac.bg.fon.ps.thread.HandleClientThread handleClientRequest
INFO: Client Request received:GET_DEPARTURES_FOR_LINE
okt 19, 2022 5:04:47 PM rs.ac.bg.fon.ps.thread.HandleClientThread handleClientRequest
INFO: Server Response sent:System has loaded departures for the selected line
okt 19, 2022 5:04:48 PM rs.ac.bg.fon.ps.thread.HandleClientThread handleClientRequest
INFO: Client Request received:GET_STATION_LIST
okt 19, 2022 5:04:48 PM rs.ac.bg.fon.ps.thread.HandleClientThread handleClientRequest
INFO: Server Response sent:Stations are loaded.
okt 19, 2022 5:05:06 PM rs.ac.bg.fon.ps.thread.HandleClientThread handleClientRequest
INFO: Client Request received:GET_DEPARTURES_FOR_LINE
okt 19, 2022 5:05:06 PM rs.ac.bg.fon.ps.thread.HandleClientThread handleClientRequest
INFO: Server Response sent:System has loaded departures for the selected line
okt 19, 2022 5:05:06 PM rs.ac.bg.fon.ps.thread.HandleClientThread handleClientRequest
INFO: Client Request received:GET_STATION_LIST
okt 19, 2022 5:05:06 PM rs.ac.bg.fon.ps.thread.HandleClientThread handleClientRequest
INFO: Server Response sent:Stations are loaded.
okt 19, 2022 5:11:14 PM rs.ac.bg.fon.ps.thread.HandleClientThread handleClientRequest
INFO: Client Request received:GET_TICKETS_FOR_DEPARTURE
okt 19, 2022 5:11:14 PM rs.ac.bg.fon.ps.thread.HandleClientThread handleClientRequest
INFO: Server Response sent:System coudn't load tickets for the selected departure
okt 19, 2022 5:12:22 PM rs.ac.bg.fon.ps.thread.HandleClientThread handleClient
INFO: HandleClientThread Thread-5 ended by User: OK
okt 19, 2022 5:12:22 PM rs.ac.bg.fon.ps.thread.HandleClientThread notifyClient
INFO: Server Response sent:SERVER_STOPPED
okt 19, 2022 5:12:22 PM rs.ac.bg.fon.ps.thread.HandleClientThread notifyClient
WARNING: Couldn't notify client of this program's termination
Error sending Object!
Connection reset by peer: socket write error
okt 19, 2022 5:12:22 PM rs.ac.bg.fon.ps.thread.HandleClientThread run
INFO: HandleClientThread STOPPED!
okt 19, 2022 5:12:22 PM rs.ac.bg.fon.ps.thread.ServerThread startServer
INFO: ServerThread ended by User: OK
okt 19, 2022 5:12:22 PM rs.ac.bg.fon.ps.thread.ServerThread run
INFO: ServerThread STOPPED!
