okt 16, 2022 9:47:04 PM rs.ac.bg.fon.ps.logger.MyLogger setupLogger
INFO: Logger Initialized
okt 16, 2022 9:47:04 PM rs.ac.bg.fon.ps.view.controller.MainController startServer
INFO: ServerThread STARTED!
okt 16, 2022 9:47:05 PM rs.ac.bg.fon.ps.thread.HandleClientThread introduction
INFO: Client introduction received: Hello Server! You can contact me on port:51091
okt 16, 2022 9:47:05 PM rs.ac.bg.fon.ps.thread.HandleClientThread introduction
INFO: Server response sent:Hello Client! You're session is active on port:51090
okt 16, 2022 9:47:05 PM rs.ac.bg.fon.ps.thread.HandleClientThread handleClientRequest
INFO: Client Request received:LOGIN
okt 16, 2022 9:47:07 PM rs.ac.bg.fon.ps.thread.HandleClientThread handleClientRequest
INFO: Server Response sent:Login Successful!
okt 16, 2022 9:47:13 PM rs.ac.bg.fon.ps.thread.HandleClientThread handleClientRequest
INFO: Client Request received:GET_LINE_LIST
okt 16, 2022 9:47:14 PM rs.ac.bg.fon.ps.thread.HandleClientThread handleClientRequest
INFO: Server Response sent:Lines are loaded.
okt 16, 2022 9:47:18 PM rs.ac.bg.fon.ps.thread.HandleClientThread handleClientRequest
INFO: Client Request received:DELETE_LINE
okt 16, 2022 9:47:18 PM rs.ac.bg.fon.ps.thread.HandleClientThread handleClientRequest
INFO: Server Response sent:System couldn't delete line.
okt 16, 2022 9:53:05 PM rs.ac.bg.fon.ps.thread.HandleClientThread handleClient
INFO: HandleClientThread Thread-5 ended by User: OK
okt 16, 2022 9:53:05 PM rs.ac.bg.fon.ps.thread.HandleClientThread notifyClient
INFO: Server Response sent:SERVER_STOPPED
okt 16, 2022 9:53:05 PM rs.ac.bg.fon.ps.thread.HandleClientThread run
INFO: HandleClientThread STOPPED!
okt 16, 2022 9:53:05 PM rs.ac.bg.fon.ps.thread.ServerThread startServer
INFO: ServerThread ended by User: OK
okt 16, 2022 9:53:05 PM rs.ac.bg.fon.ps.thread.ServerThread run
INFO: ServerThread STOPPED!
