okt 12, 2022 5:03:04 PM rs.ac.bg.fon.ps.logger.MyLogger setupLogger
INFO: Logger Initialized
okt 12, 2022 5:03:04 PM rs.ac.bg.fon.ps.view.controller.MainController startServer
INFO: ServerThread STARTED!
okt 12, 2022 5:03:09 PM rs.ac.bg.fon.ps.thread.HandleClientThread introduction
INFO: Client introduction received: Hello Server! You can contact me on port:55328
okt 12, 2022 5:03:09 PM rs.ac.bg.fon.ps.thread.HandleClientThread introduction
INFO: Server response sent:Hello Client! You're session is active on port:55327
okt 12, 2022 5:03:10 PM rs.ac.bg.fon.ps.thread.HandleClientThread handleClientRequest
INFO: Client Request received:LOGIN
okt 12, 2022 5:03:11 PM rs.ac.bg.fon.ps.thread.HandleClientThread handleClientRequest
INFO: Server Response sent:Login Successful!
okt 12, 2022 5:03:14 PM rs.ac.bg.fon.ps.thread.HandleClientThread handleClientRequest
INFO: Client Request received:GET_STATION_LIST
okt 12, 2022 5:03:14 PM rs.ac.bg.fon.ps.thread.HandleClientThread handleClientRequest
INFO: Server Response sent:Stations are loaded.
okt 12, 2022 5:03:19 PM rs.ac.bg.fon.ps.thread.HandleClientThread handleClientRequest
INFO: Client Request received:FIND_STATIONS
okt 12, 2022 5:03:19 PM rs.ac.bg.fon.ps.thread.HandleClientThread handleClientRequest
INFO: Server Response sent:System found stations for requested search values
okt 12, 2022 5:03:23 PM rs.ac.bg.fon.ps.thread.HandleClientThread handleClientRequest
INFO: Client Request received:FIND_STATIONS
okt 12, 2022 5:03:23 PM rs.ac.bg.fon.ps.thread.HandleClientThread handleClientRequest
INFO: Server Response sent:System found stations for requested search values
okt 12, 2022 5:03:33 PM rs.ac.bg.fon.ps.thread.HandleClientThread handleClientRequest
INFO: Client Request received:GET_LINE_LIST
okt 12, 2022 5:03:33 PM rs.ac.bg.fon.ps.thread.HandleClientThread handleClientRequest
INFO: Server Response sent:Lines are loaded.
okt 12, 2022 5:03:57 PM rs.ac.bg.fon.ps.thread.HandleClientThread handleClientRequest
INFO: Client Request received:FIND_LINES
okt 12, 2022 5:03:57 PM rs.ac.bg.fon.ps.thread.HandleClientThread handleClientRequest
INFO: Server Response sent:System coudn't find lines for requested search values
okt 12, 2022 5:04:23 PM rs.ac.bg.fon.ps.thread.HandleClientThread handleClientRequest
INFO: Client Request received:FIND_LINES
okt 12, 2022 5:04:23 PM rs.ac.bg.fon.ps.thread.HandleClientThread handleClientRequest
INFO: Server Response sent:System found lines for requested search values
okt 12, 2022 5:04:40 PM rs.ac.bg.fon.ps.thread.HandleClientThread lambda$scheduledCheckAlive$0
INFO: Client has stoped responding to heartBeat messages

okt 12, 2022 5:04:40 PM rs.ac.bg.fon.ps.thread.HandleClientThread handleClient
INFO: HandleClientThread Thread-5 ended by User: OK
okt 12, 2022 5:04:40 PM rs.ac.bg.fon.ps.thread.HandleClientThread run
INFO: HandleClientThread STOPPED!
