okt 16, 2022 9:02:00 PM rs.ac.bg.fon.ps.logger.MyLogger setupLogger
INFO: Logger Initialized
okt 16, 2022 9:02:00 PM rs.ac.bg.fon.ps.view.controller.MainController startServer
INFO: ServerThread STARTED!
okt 16, 2022 9:02:06 PM rs.ac.bg.fon.ps.thread.HandleClientThread introduction
INFO: Client introduction received: Hello Server! You can contact me on port:50993
okt 16, 2022 9:02:06 PM rs.ac.bg.fon.ps.thread.HandleClientThread introduction
INFO: Server response sent:Hello Client! You're session is active on port:50992
okt 16, 2022 9:02:07 PM rs.ac.bg.fon.ps.thread.HandleClientThread handleClientRequest
INFO: Client Request received:LOGIN
okt 16, 2022 9:02:08 PM rs.ac.bg.fon.ps.thread.HandleClientThread handleClientRequest
INFO: Server Response sent:Login Successful!
okt 16, 2022 9:02:13 PM rs.ac.bg.fon.ps.thread.HandleClientThread handleClientRequest
INFO: Client Request received:GET_LINE_LIST
okt 16, 2022 9:02:13 PM rs.ac.bg.fon.ps.thread.HandleClientThread handleClientRequest
INFO: Server Response sent:Lines are loaded.
okt 16, 2022 9:02:16 PM rs.ac.bg.fon.ps.thread.HandleClientThread handleClientRequest
INFO: Client Request received:GET_DEPARTURES_FOR_LINE
okt 16, 2022 9:02:16 PM rs.ac.bg.fon.ps.thread.HandleClientThread handleClientRequest
INFO: Server Response sent:System has loaded departures for the selected line
okt 16, 2022 9:02:16 PM rs.ac.bg.fon.ps.thread.HandleClientThread handleClientRequest
INFO: Client Request received:GET_STATION_LIST
okt 16, 2022 9:02:16 PM rs.ac.bg.fon.ps.thread.HandleClientThread handleClientRequest
INFO: Server Response sent:Stations are loaded.
okt 16, 2022 9:05:38 PM rs.ac.bg.fon.ps.thread.HandleClientThread handleClientRequest
INFO: Client Request received:SAVE_LINE
okt 16, 2022 9:05:38 PM rs.ac.bg.fon.ps.thread.HandleClientThread handleClientRequest
INFO: Server Response sent:System couldn't save line!:
Preconditions not satisfied:SimpleValueConstraintException
ConstraintsLine:
distance can't be null or not a positive number
okt 16, 2022 9:06:00 PM rs.ac.bg.fon.ps.thread.HandleClientThread handleClientRequest
INFO: Client Request received:SAVE_LINE
okt 16, 2022 9:06:00 PM rs.ac.bg.fon.ps.thread.HandleClientThread handleClientRequest
INFO: Server Response sent:System couldn't save line!:
Preconditions not satisfied:SimpleValueConstraintException
ConstraintsLine:
distance can't be null or not a positive number
