okt 15, 2022 4:20:42 PM rs.ac.bg.fon.ps.logger.MyLogger setupLogger
INFO: Logger Initialized
okt 15, 2022 4:20:42 PM rs.ac.bg.fon.ps.view.controller.MainController startServer
INFO: ServerThread STARTED!
okt 15, 2022 4:20:51 PM rs.ac.bg.fon.ps.thread.HandleClientThread introduction
INFO: Client introduction received: Hello Server! You can contact me on port:57211
okt 15, 2022 4:20:51 PM rs.ac.bg.fon.ps.thread.HandleClientThread introduction
INFO: Server response sent:Hello Client! You're session is active on port:57210
okt 15, 2022 4:20:51 PM rs.ac.bg.fon.ps.thread.HandleClientThread handleClientRequest
INFO: Client Request received:LOGIN
okt 15, 2022 4:20:53 PM rs.ac.bg.fon.ps.thread.HandleClientThread handleClientRequest
INFO: Server Response sent:Login Successful!
okt 15, 2022 4:21:33 PM rs.ac.bg.fon.ps.thread.HandleClientThread lambda$scheduledCheckAlive$0
INFO: Client has stoped responding to heartBeat messages

okt 15, 2022 4:21:33 PM rs.ac.bg.fon.ps.thread.HandleClientThread handleClient
INFO: HandleClientThread Thread-5 ended by User: OK
okt 15, 2022 4:21:33 PM rs.ac.bg.fon.ps.thread.HandleClientThread run
INFO: HandleClientThread STOPPED!
okt 15, 2022 4:22:32 PM rs.ac.bg.fon.ps.thread.HandleClientThread introduction
INFO: Client introduction received: Hello Server! You can contact me on port:57221
okt 15, 2022 4:22:32 PM rs.ac.bg.fon.ps.thread.HandleClientThread introduction
INFO: Server response sent:Hello Client! You're session is active on port:57220
okt 15, 2022 4:22:32 PM rs.ac.bg.fon.ps.thread.HandleClientThread handleClientRequest
INFO: Client Request received:LOGIN
okt 15, 2022 4:22:33 PM rs.ac.bg.fon.ps.thread.HandleClientThread handleClientRequest
INFO: Server Response sent:Login Successful!
okt 15, 2022 4:22:54 PM rs.ac.bg.fon.ps.thread.HandleClientThread lambda$scheduledCheckAlive$0
INFO: Client has stoped responding to heartBeat messages

okt 15, 2022 4:22:54 PM rs.ac.bg.fon.ps.thread.HandleClientThread handleClient
INFO: HandleClientThread Thread-6 ended by User: OK
okt 15, 2022 4:22:54 PM rs.ac.bg.fon.ps.thread.HandleClientThread run
INFO: HandleClientThread STOPPED!
okt 15, 2022 4:22:56 PM rs.ac.bg.fon.ps.thread.HandleClientThread introduction
INFO: Client introduction received: Hello Server! You can contact me on port:57224
okt 15, 2022 4:22:56 PM rs.ac.bg.fon.ps.thread.HandleClientThread introduction
INFO: Server response sent:Hello Client! You're session is active on port:57223
okt 15, 2022 4:22:56 PM rs.ac.bg.fon.ps.thread.HandleClientThread handleClientRequest
INFO: Client Request received:LOGIN
okt 15, 2022 4:22:56 PM rs.ac.bg.fon.ps.thread.HandleClientThread handleClientRequest
INFO: Server Response sent:Login Successful!
okt 15, 2022 4:26:34 PM rs.ac.bg.fon.ps.thread.HandleClientThread handleClientRequest
INFO: Client Request received:SAVE STATION
okt 15, 2022 4:26:34 PM rs.ac.bg.fon.ps.thread.HandleClientThread handleClientRequest
INFO: Server Response sent:System has saved the station.
okt 15, 2022 4:26:52 PM rs.ac.bg.fon.ps.thread.HandleClientThread handleClient
INFO: HandleClientThread Thread-7 ended by User: OK
okt 15, 2022 4:26:52 PM rs.ac.bg.fon.ps.thread.HandleClientThread notifyClient
INFO: Server Response sent:SERVER_STOPPED
okt 15, 2022 4:26:52 PM rs.ac.bg.fon.ps.thread.HandleClientThread run
INFO: HandleClientThread STOPPED!
okt 15, 2022 4:26:52 PM rs.ac.bg.fon.ps.thread.ServerThread startServer
INFO: ServerThread ended by User: OK
okt 15, 2022 4:26:52 PM rs.ac.bg.fon.ps.thread.ServerThread run
INFO: ServerThread STOPPED!
