okt 16, 2022 6:53:40 PM rs.ac.bg.fon.ps.logger.MyLogger setupLogger
INFO: Logger Initialized
okt 16, 2022 6:53:40 PM rs.ac.bg.fon.ps.view.controller.MainController startServer
INFO: ServerThread STARTED!
okt 16, 2022 6:53:42 PM rs.ac.bg.fon.ps.thread.HandleClientThread introduction
INFO: Client introduction received: Hello Server! You can contact me on port:50567
okt 16, 2022 6:53:42 PM rs.ac.bg.fon.ps.thread.HandleClientThread introduction
INFO: Server response sent:Hello Client! You're session is active on port:50566
okt 16, 2022 6:53:42 PM rs.ac.bg.fon.ps.thread.HandleClientThread handleClientRequest
INFO: Client Request received:LOGIN
okt 16, 2022 6:53:44 PM rs.ac.bg.fon.ps.thread.HandleClientThread handleClientRequest
INFO: Server Response sent:Login Successful!
okt 16, 2022 6:53:53 PM rs.ac.bg.fon.ps.thread.HandleClientThread handleClientRequest
INFO: Client Request received:GET_STATION_LIST
okt 16, 2022 6:53:53 PM rs.ac.bg.fon.ps.thread.HandleClientThread handleClientRequest
INFO: Server Response sent:Stations are loaded.
okt 16, 2022 6:54:19 PM rs.ac.bg.fon.ps.thread.HandleClientThread handleClientRequest
INFO: Client Request received:SAVE STATION
okt 16, 2022 6:54:19 PM rs.ac.bg.fon.ps.thread.HandleClientThread handleClientRequest
INFO: Server Response sent:System has saved the station.
okt 16, 2022 6:54:23 PM rs.ac.bg.fon.ps.thread.HandleClientThread handleClientRequest
INFO: Client Request received:GET_STATION_LIST
okt 16, 2022 6:54:23 PM rs.ac.bg.fon.ps.thread.HandleClientThread handleClientRequest
INFO: Server Response sent:Stations are loaded.
okt 16, 2022 6:55:51 PM rs.ac.bg.fon.ps.thread.HandleClientThread handleClientRequest
INFO: Client Request received:SAVE_LINE
okt 16, 2022 6:55:52 PM rs.ac.bg.fon.ps.thread.HandleClientThread handleClientRequest
INFO: Server Response sent:System has saved the line.
okt 16, 2022 6:58:07 PM rs.ac.bg.fon.ps.thread.HandleClientThread handleClientRequest
INFO: Client Request received:GET_STATION_LIST
okt 16, 2022 6:58:07 PM rs.ac.bg.fon.ps.thread.HandleClientThread handleClientRequest
INFO: Server Response sent:Stations are loaded.
okt 16, 2022 7:00:01 PM rs.ac.bg.fon.ps.thread.HandleClientThread introduction
INFO: Client introduction received: Hello Server! You can contact me on port:50604
okt 16, 2022 7:00:01 PM rs.ac.bg.fon.ps.thread.HandleClientThread introduction
INFO: Server response sent:Hello Client! You're session is active on port:50603
okt 16, 2022 7:00:02 PM rs.ac.bg.fon.ps.thread.HandleClientThread handleClientRequest
INFO: Client Request received:LOGIN
okt 16, 2022 7:00:02 PM rs.ac.bg.fon.ps.thread.HandleClientThread handleClientRequest
INFO: Server Response sent:Login Successful!
okt 16, 2022 7:00:08 PM rs.ac.bg.fon.ps.thread.HandleClientThread lambda$scheduledCheckAlive$0
INFO: Client has stoped responding to heartBeat messages

okt 16, 2022 7:00:08 PM rs.ac.bg.fon.ps.thread.HandleClientThread handleClient
INFO: HandleClientThread Thread-6 ended by User: OK
okt 16, 2022 7:00:08 PM rs.ac.bg.fon.ps.thread.HandleClientThread run
INFO: HandleClientThread STOPPED!
okt 16, 2022 7:02:05 PM rs.ac.bg.fon.ps.thread.HandleClientThread introduction
INFO: Client introduction received: Hello Server! You can contact me on port:50611
okt 16, 2022 7:02:05 PM rs.ac.bg.fon.ps.thread.HandleClientThread introduction
INFO: Server response sent:Hello Client! You're session is active on port:50610
okt 16, 2022 7:02:05 PM rs.ac.bg.fon.ps.thread.HandleClientThread handleClientRequest
INFO: Client Request received:LOGIN
okt 16, 2022 7:02:05 PM rs.ac.bg.fon.ps.thread.HandleClientThread handleClientRequest
INFO: Server Response sent:Login Successful!
okt 16, 2022 7:02:39 PM rs.ac.bg.fon.ps.thread.HandleClientThread handleClientRequest
INFO: Client Request received:SAVE STATION
okt 16, 2022 7:02:39 PM rs.ac.bg.fon.ps.thread.HandleClientThread handleClientRequest
INFO: Server Response sent:System has saved the station.
okt 16, 2022 7:02:46 PM rs.ac.bg.fon.ps.thread.HandleClientThread handleClientRequest
INFO: Client Request received:GET_STATION_LIST
okt 16, 2022 7:02:46 PM rs.ac.bg.fon.ps.thread.HandleClientThread handleClientRequest
INFO: Server Response sent:Stations are loaded.
okt 16, 2022 7:04:18 PM rs.ac.bg.fon.ps.thread.HandleClientThread handleClientRequest
INFO: Client Request received:SAVE_LINE
okt 16, 2022 7:04:19 PM rs.ac.bg.fon.ps.thread.HandleClientThread handleClientRequest
INFO: Server Response sent:System couldn't execute operation:
Preconditions not satisfied :SimpleValueConstraintException
ConstraintsDeparture:
maxPassengerNumber must be a positive number
okt 16, 2022 7:05:00 PM rs.ac.bg.fon.ps.thread.HandleClientThread handleClientRequest
INFO: Client Request received:SAVE_LINE
okt 16, 2022 7:05:00 PM rs.ac.bg.fon.ps.thread.HandleClientThread handleClientRequest
INFO: Server Response sent:System couldn't execute operation:
Preconditions not satisfied :ComplexValueConstraintException
ConstraintsDeparture:
departure time must be sooner than arrival time
okt 16, 2022 7:05:45 PM rs.ac.bg.fon.ps.thread.HandleClientThread lambda$scheduledCheckAlive$0
INFO: Client has stoped responding to heartBeat messages

okt 16, 2022 7:05:45 PM rs.ac.bg.fon.ps.thread.HandleClientThread handleClient
INFO: HandleClientThread Thread-7 ended by User: OK
okt 16, 2022 7:05:45 PM rs.ac.bg.fon.ps.thread.HandleClientThread run
INFO: HandleClientThread STOPPED!
okt 16, 2022 7:06:05 PM rs.ac.bg.fon.ps.thread.HandleClientThread handleClient
INFO: HandleClientThread Thread-5 ended by User: OK
okt 16, 2022 7:06:05 PM rs.ac.bg.fon.ps.thread.HandleClientThread notifyClient
INFO: Server Response sent:SERVER_STOPPED
okt 16, 2022 7:06:05 PM rs.ac.bg.fon.ps.thread.HandleClientThread run
INFO: HandleClientThread STOPPED!
okt 16, 2022 7:06:05 PM rs.ac.bg.fon.ps.thread.ServerThread startServer
INFO: ServerThread ended by User: OK
okt 16, 2022 7:06:05 PM rs.ac.bg.fon.ps.thread.ServerThread run
INFO: ServerThread STOPPED!
